{
  "RSpec": {
    "coverage": {
      "/home/gorgeous-inventor-8677/tic-tac-toe-rb-online-web-sp-000/lib/tic_tac_toe.rb": [
        null,
        1,
        null,
        null,
        null,
        null,
        null,
        null,
        null,
        null,
        null,
        1,
        25,
        25,
        25,
        25,
        25,
        null,
        null,
        1,
        24,
        null,
        null,
        1,
        23,
        null,
        null,
        1,
        28,
        3,
        null,
        25,
        null,
        null,
        1,
        24,
        null,
        null,
        1,
        21,
        21,
        21,
        21,
        20,
        20,
        null,
        1,
        null,
        null,
        null,
        1,
        22,
        22,
        198,
        32,
        null,
        null,
        22,
        null,
        null,
        1,
        21,
        14,
        null,
        7,
        null,
        null,
        null,
        1,
        31,
        215,
        215,
        215,
        215,
        8,
        207,
        3,
        null,
        null,
        20,
        null,
        null,
        1,
        31,
        24,
        null,
        7,
        null,
        null,
        null,
        1,
        18,
        null,
        null,
        1,
        22,
        10,
        null,
        12,
        null,
        null,
        1,
        3,
        2,
        2,
        null,
        null,
        null,
        null,
        1,
        12,
        18,
        null,
        null
      ]
    },
    "timestamp": 1582157721
  }
}
