{
  "RSpec": {
    "coverage": {
      "/home/gorgeous-inventor-8677/tic-tac-toe-rb-online-web-sp-000/lib/tic_tac_toe.rb": [
        null,
        1,
        null,
        null,
        null,
        null,
        null,
        null,
        null,
        null,
        null,
        1,
        25,
        25,
        25,
        25,
        25,
        null,
        null,
        1,
        24,
        null,
        null,
        1,
        23,
        null,
        null,
        1,
        28,
        3,
        null,
        25,
        null,
        null,
        1,
        24,
        null,
        null,
        1,
        21,
        21,
        21,
        21,
        20,
        20,
        null,
        1,
        null,
        null,
        null,
        1,
        42,
        42,
        378,
        95,
        null,
        null,
        42,
        null,
        null,
        1,
        28,
        15,
        null,
        13,
        null,
        null,
        null,
        1,
        42,
        288,
        288,
        288,
        288,
        10,
        278,
        3,
        null,
        null,
        29,
        null,
        null,
        1,
        37,
        28,
        null,
        9,
        null,
        null,
        null,
        1,
        24,
        null,
        null,
        1,
        22,
        10,
        null,
        12,
        null,
        null,
        1,
        3,
        2,
        null,
        null,
        null,
        null,
        1,
        12,
        18,
        null,
        null,
        12,
        5,
        5,
        7,
        3,
        null,
        null,
        null
      ]
    },
    "timestamp": 1582158366
  }
}
